CPU info:

CPU Usage Stat. Cycle: 35 (Second)
CPU Usage            : 4%
CPU Usage Stat. Time : 2018-08-29  10:28:48
CPU Usage Stat. Tick : 0x28c32(CPU Tick High) 0x65c91715(CPU Tick Low)
Actual Stat. Cycle   : 0x0(CPU Tick High) 0x261365b3(CPU Tick Low)

TaskName        CPU        Runtime(CPU Tick High/CPU Tick Low)
VIDL            96%               0/24c3f1ae
TICK             0%               0/  232511
STMR             0%               0/   1d583
LOS              0%               0/    7bc1
WA_M             0%               0/  41a0a5
SYSM             0%               0/    255a
 LED             0%               0/    4c8a
LED3             0%               0/    d5f6
LPDT             0%               0/      e8
MacV             0%               0/    1589
AtkT             0%               0/     675
NICR             0%               0/   94d7e
Flow             0%               0/  114b44
LinT             0%               0/   b345a
Rout             0%               0/  11b5a7
IPCB             0%               0/   830eb
RPCQ             0%               0/   cccab
  VP             0%               0/     115
IPCM             0%               0/    3f89
INFO             0%               0/    2e57
 DEV             0%               0/   1062f
SOCK             0%               0/    c046
 ACL             0%               0/    978f
MacT             0%               0/    28b4
AgeT             0%               0/    de83
LAGG             0%               0/    37cc
MSTP             0%               0/  1ff921
GARP             0%               0/   2753c
CLST             0%               0/   1121b
 NDP             0%               0/    658c
NTDP             0%               0/    493f
HABP             0%               0/    3978
 CFD             0%               0/   37070
RRPP             0%               0/    bc60
LLDP             0%               0/  144989
DLDP             0%               0/   103a3
SMLK             0%               0/    3585
 ARP             0%               0/   3ec56
  IP             0%               0/  12a403
FSLH             0%               0/    277d
FSLR             0%               0/   25d8d
NTPT             0%               0/    4d1c
VTYD             0%               0/   27273
  ND             0%               0/   49bb8
CWMP             0%               0/    70c3
 ACM             0%               0/   19797
  LS             0%               0/   17959
 RDS             0%               0/   17748
  SC             0%               0/    626e
 NAT             0%               0/    2417
STND             0%               0/    a023
ROUT             0%               0/  1abf2d
IFNT             0%               0/    3f3f
 vt0             0%               0/  161123
DrvT             0%               0/    b3de


syslog:

%Aug 28 18:30:42:923 2018 BD-H3C5110-11 IFNET/3/LINK_UPDOWN: GigabitEthernet1/0/40 link status is DOWN.
%Aug 28 18:30:45:512 2018 BD-H3C5110-11 IFNET/3/LINK_UPDOWN: GigabitEthernet1/0/40 link status is UP.
%Aug 28 18:31:14:681 2018 BD-H3C5110-11 MSTP/6/MSTP_FORWARDING: Instance 0's port GigabitEthernet1/0/40 has been set to forwarding state.
%Aug 28 18:31:14:681 2018 BD-H3C5110-11 MSTP/6/MSTP_DETECTED_TC: Instance 0's port GigabitEthernet1/0/40 detected a topology change.
%Aug 28 18:34:52:794 2018 BD-H3C5110-11 MSTP/6/MSTP_NOTIFIED_TC: Instance 0's port GigabitEthernet1/0/52 was notified of a topology change.
%Aug 28 18:34:53:714 2018 BD-H3C5110-11 MSTP/6/MSTP_NOTIFIED_TC: Instance 0's port GigabitEthernet1/0/52 was notified of a topology change.
%Aug 28 18:34:54:167 2018 BD-H3C5110-11 MSTP/6/MSTP_NOTIFIED_TC: Instance 0's port GigabitEthernet1/0/52 was notified of a topology change.
%Aug 28 18:34:55:709 2018 BD-H3C5110-11 MSTP/6/MSTP_NOTIFIED_TC: Instance 0's port GigabitEthernet1/0/52 was notified of a topology change.
%Aug 28 18:39:30:147 2018 BD-H3C5110-11 MSTP/6/MSTP_NOTIFIED_TC: Instance 0's port GigabitEthernet1/0/52 was notified of a topology change.
%Aug 28 18:39:31:712 2018 BD-H3C5110-11 MSTP/6/MSTP_NOTIFIED_TC: Instance 0's port GigabitEthernet1/0/52 was notified of a topology change.
%Aug 28 18:41:12:722 2018 BD-H3C5110-11 MSTP/6/MSTP_NOTIFIED_TC: Instance 0's port GigabitEthernet1/0/52 was notified of a topology change.
%Aug 28 18:41:13:804 2018 BD-H3C5110-11 MSTP/6/MSTP_NOTIFIED_TC: Instance 0's port GigabitEthernet1/0/52 was notified of a topology change.
%Aug 28 18:41:14:087 2018 BD-H3C5110-11 MSTP/6/MSTP_NOTIFIED_TC: Instance 0's port GigabitEthernet1/0/52 was notified of a topology change.
%Aug 28 18:41:15:752 2018 BD-H3C5110-11 MSTP/6/MSTP_NOTIFIED_TC: Instance 0's port GigabitEthernet1/0/52 was notified of a topology change.
%Aug 28 18:41:42:787 2018 BD-H3C5110-11 MSTP/6/MSTP_NOTIFIED_TC: Instance 0's port GigabitEthernet1/0/52 was notified of a topology change.
%Aug 28 18:41:43:814 2018 BD-H3C5110-11 MSTP/6/MSTP_NOTIFIED_TC: Instance 0's port GigabitEthernet1/0/52 was notified of a topology change.
%Aug 28 18:41:44:099 2018 BD-H3C5110-11 MSTP/6/MSTP_NOTIFIED_TC: Instance 0's port GigabitEthernet1/0/52 was notified of a topology change.
%Aug 28 18:41:45:915 2018 BD-H3C5110-11 MSTP/6/MSTP_NOTIFIED_TC: Instance 0's port GigabitEthernet1/0/52 was notified of a topology change.
%Aug 28 18:41:56:818 2018 BD-H3C5110-11 MSTP/6/MSTP_NOTIFIED_TC: Instance 0's port GigabitEthernet1/0/52 was notified of a topology change.
%Aug 28 18:41:58:142 2018 BD-H3C5110-11 MSTP/6/MSTP_NOTIFIED_TC: Instance 0's port GigabitEthernet1/0/52 was notified of a topology change.
%Aug 28 18:41:58:341 2018 BD-H3C5110-11 MSTP/6/MSTP_NOTIFIED_TC: Instance 0's port GigabitEthernet1/0/52 was notified of a topology change.
%Aug 28 18:42:00:189 2018 BD-H3C5110-11 MSTP/6/MSTP_NOTIFIED_TC: Instance 0's port GigabitEthernet1/0/52 was notified of a topology change.
%Aug 28 18:42:02:700 2018 BD-H3C5110-11 MSTP/6/MSTP_NOTIFIED_TC: Instance 0's port GigabitEthernet1/0/52 was notified of a topology change.
%Aug 28 18:42:04:247 2018 BD-H3C5110-11 MSTP/6/MSTP_NOTIFIED_TC: Instance 0's port GigabitEthernet1/0/52 was notified of a topology change.
%Aug 28 18:42:20:793 2018 BD-H3C5110-11 MSTP/6/MSTP_NOTIFIED_TC: Instance 0's port GigabitEthernet1/0/52 was notified of a topology change.
%Aug 28 18:42:22:237 2018 BD-H3C5110-11 MSTP/6/MSTP_NOTIFIED_TC: Instance 0's port GigabitEthernet1/0/52 was notified of a topology change.
%Aug 28 18:43:48:782 2018 BD-H3C5110-11 MSTP/6/MSTP_NOTIFIED_TC: Instance 0's port GigabitEthernet1/0/52 was notified of a topology change.
%Aug 28 18:43:50:257 2018 BD-H3C5110-11 MSTP/6/MSTP_NOTIFIED_TC: Instance 0's port GigabitEthernet1/0/52 was notified of a topology change.
%Aug 28 18:44:46:853 2018 BD-H3C5110-11 IFNET/3/LINK_UPDOWN: GigabitEthernet1/0/42 link status is DOWN.
%Aug 28 18:44:49:445 2018 BD-H3C5110-11 IFNET/3/LINK_UPDOWN: GigabitEthernet1/0/42 link status is UP.
%Aug 28 18:45:16:738 2018 BD-H3C5110-11 MSTP/6/MSTP_NOTIFIED_TC: Instance 0's port GigabitEthernet1/0/52 was notified of a topology change.
%Aug 28 18:45:18:291 2018 BD-H3C5110-11 MSTP/6/MSTP_NOTIFIED_TC: Instance 0's port GigabitEthernet1/0/52 was notified of a topology change.
%Aug 28 18:45:19:136 2018 BD-H3C5110-11 MSTP/6/MSTP_FORWARDING: Instance 0's port GigabitEthernet1/0/42 has been set to forwarding state.
%Aug 28 18:45:19:136 2018 BD-H3C5110-11 MSTP/6/MSTP_DETECTED_TC: Instance 0's port GigabitEthernet1/0/42 detected a topology change.
%Aug 28 18:45:26:770 2018 BD-H3C5110-11 MSTP/6/MSTP_NOTIFIED_TC: Instance 0's port GigabitEthernet1/0/52 was notified of a topology change.
%Aug 28 18:45:28:387 2018 BD-H3C5110-11 MSTP/6/MSTP_NOTIFIED_TC: Instance 0's port GigabitEthernet1/0/52 was notified of a topology change.
%Aug 28 18:47:18:703 2018 BD-H3C5110-11 MSTP/6/MSTP_NOTIFIED_TC: Instance 0's port GigabitEthernet1/0/52 was notified of a topology change.
%Aug 28 18:47:20:473 2018 BD-H3C5110-11 MSTP/6/MSTP_NOTIFIED_TC: Instance 0's port GigabitEthernet1/0/52 was notified of a topology change.
%Aug 28 18:48:35:083 2018 BD-H3C5110-11 MSTP/6/MSTP_NOTIFIED_TC: Instance 0's port GigabitEthernet1/0/52 was notified of a topology change.
%Aug 28 18:48:36:744 2018 BD-H3C5110-11 MSTP/6/MSTP_NOTIFIED_TC: Instance 0's port GigabitEthernet1/0/52 was notified of a topology change.
%Aug 28 18:51:32:867 2018 BD-H3C5110-11 IFNET/3/LINK_UPDOWN: GigabitEthernet1/0/30 link status is DOWN.
%Aug 28 18:51:35:581 2018 BD-H3C5110-11 IFNET/3/LINK_UPDOWN: GigabitEthernet1/0/30 link status is UP.
%Aug 28 18:52:05:294 2018 BD-H3C5110-11 MSTP/6/MSTP_FORWARDING: Instance 0's port GigabitEthernet1/0/30 has been set to forwarding state.
%Aug 28 18:52:05:294 2018 BD-H3C5110-11 MSTP/6/MSTP_DETECTED_TC: Instance 0's port GigabitEthernet1/0/30 detected a topology change.
%Aug 28 18:53:49:087 2018 BD-H3C5110-11 MSTP/6/MSTP_NOTIFIED_TC: Instance 0's port GigabitEthernet1/0/52 was notified of a topology change.
%Aug 28 18:53:50:629 2018 BD-H3C5110-11 MSTP/6/MSTP_NOTIFIED_TC: Instance 0's port GigabitEthernet1/0/52 was notified of a topology change.
%Aug 28 18:55:02:833 2018 BD-H3C5110-11 MSTP/6/MSTP_NOTIFIED_TC: Instance 0's port GigabitEthernet1/0/52 was notified of a topology change.
%Aug 28 18:55:04:769 2018 BD-H3C5110-11 MSTP/6/MSTP_NOTIFIED_TC: Instance 0's port GigabitEthernet1/0/52 was notified of a topology change.
%Aug 28 18:56:53:021 2018 BD-H3C5110-11 MSTP/6/MSTP_NOTIFIED_TC: Instance 0's port GigabitEthernet1/0/52 was notified of a topology change.
%Aug 28 18:56:54:721 2018 BD-H3C5110-11 MSTP/6/MSTP_NOTIFIED_TC: Instance 0's port GigabitEthernet1/0/52 was notified of a topology change.
%Aug 28 19:00:20:456 2018 BD-H3C5110-11 MSTP/6/MSTP_NOTIFIED_TC: Instance 0's port GigabitEthernet1/0/52 was notified of a topology change.
%Aug 28 19:00:21:066 2018 BD-H3C5110-11 MSTP/6/MSTP_NOTIFIED_TC: Instance 0's port GigabitEthernet1/0/52 was notified of a topology change.
%Aug 28 19:05:34:785 2018 BD-H3C5110-11 MSTP/6/MSTP_NOTIFIED_TC: Instance 0's port GigabitEthernet1/0/52 was notified of a topology change.
%Aug 28 19:05:35:029 2018 BD-H3C5110-11 MSTP/6/MSTP_NOTIFIED_TC: Instance 0's port GigabitEthernet1/0/52 was notified of a topology change.
%Aug 28 19:12:22:865 2018 BD-H3C5110-11 MSTP/6/MSTP_NOTIFIED_TC: Instance 0's port GigabitEthernet1/0/52 was notified of a topology change.
%Aug 28 19:12:23:339 2018 BD-H3C5110-11 MSTP/6/MSTP_NOTIFIED_TC: Instance 0's port GigabitEthernet1/0/52 was notified of a topology change.
%Aug 28 19:12:52:257 2018 BD-H3C5110-11 IFNET/3/LINK_UPDOWN: GigabitEthernet1/0/6 link status is DOWN.
%Aug 28 19:12:54:914 2018 BD-H3C5110-11 IFNET/3/LINK_UPDOWN: GigabitEthernet1/0/6 link status is UP.
%Aug 28 19:13:24:253 2018 BD-H3C5110-11 MSTP/6/MSTP_FORWARDING: Instance 0's port GigabitEthernet1/0/6 has been set to forwarding state.
%Aug 28 19:13:24:253 2018 BD-H3C5110-11 MSTP/6/MSTP_DETECTED_TC: Instance 0's port GigabitEthernet1/0/6 detected a topology change.
%Aug 28 19:14:09:848 2018 BD-H3C5110-11 MSTP/6/MSTP_NOTIFIED_TC: Instance 0's port GigabitEthernet1/0/52 was notified of a topology change.
%Aug 28 19:14:10:906 2018 BD-H3C5110-11 MSTP/6/MSTP_NOTIFIED_TC: Instance 0's port GigabitEthernet1/0/52 was notified of a topology change.
%Aug 28 19:16:06:872 2018 BD-H3C5110-11 IFNET/3/LINK_UPDOWN: GigabitEthernet1/0/4 link status is DOWN.
%Aug 28 19:16:09:443 2018 BD-H3C5110-11 IFNET/3/LINK_UPDOWN: GigabitEthernet1/0/4 link status is UP.
%Aug 28 19:16:13:919 2018 BD-H3C5110-11 IFNET/3/LINK_UPDOWN: GigabitEthernet1/0/20 link status is DOWN.
%Aug 28 19:16:39:181 2018 BD-H3C5110-11 MSTP/6/MSTP_FORWARDING: Instance 0's port GigabitEthernet1/0/4 has been set to forwarding state.
%Aug 28 19:16:39:181 2018 BD-H3C5110-11 MSTP/6/MSTP_DETECTED_TC: Instance 0's port GigabitEthernet1/0/4 detected a topology change.
%Aug 28 19:35:49:624 2018 BD-H3C5110-11 MSTP/6/MSTP_NOTIFIED_TC: Instance 0's port GigabitEthernet1/0/52 was notified of a topology change.
%Aug 28 19:35:51:100 2018 BD-H3C5110-11 MSTP/6/MSTP_NOTIFIED_TC: Instance 0's port GigabitEthernet1/0/52 was notified of a topology change.
%Aug 28 19:44:26:395 2018 BD-H3C5110-11 MSTP/6/MSTP_NOTIFIED_TC: Instance 0's port GigabitEthernet1/0/52 was notified of a topology change.
%Aug 28 19:44:27:337 2018 BD-H3C5110-11 MSTP/6/MSTP_NOTIFIED_TC: Instance 0's port GigabitEthernet1/0/52 was notified of a topology change.
%Aug 28 19:45:44:956 2018 BD-H3C5110-11 MSTP/6/MSTP_NOTIFIED_TC: Instance 0's port GigabitEthernet1/0/52 was notified of a topology change.
%Aug 28 19:45:45:556 2018 BD-H3C5110-11 MSTP/6/MSTP_NOTIFIED_TC: Instance 0's port GigabitEthernet1/0/52 was notified of a topology change.
%Aug 28 19:45:48:710 2018 BD-H3C5110-11 MSTP/6/MSTP_NOTIFIED_TC: Instance 0's port GigabitEthernet1/0/52 was notified of a topology change.
%Aug 28 19:45:51:601 2018 BD-H3C5110-11 MSTP/6/MSTP_NOTIFIED_TC: Instance 0's port GigabitEthernet1/0/52 was notified of a topology change.
%Aug 28 19:45:54:616 2018 BD-H3C5110-11 MSTP/6/MSTP_NOTIFIED_TC: Instance 0's port GigabitEthernet1/0/52 was notified of a topology change.
%Aug 28 19:45:55:432 2018 BD-H3C5110-11 MSTP/6/MSTP_NOTIFIED_TC: Instance 0's port GigabitEthernet1/0/52 was notified of a topology change.
%Aug 28 19:45:57:716 2018 BD-H3C5110-11 IFNET/3/LINK_UPDOWN: GigabitEthernet1/0/7 link status is DOWN.
%Aug 28 19:46:00:285 2018 BD-H3C5110-11 IFNET/3/LINK_UPDOWN: GigabitEthernet1/0/7 link status is UP.
%Aug 28 19:46:30:228 2018 BD-H3C5110-11 MSTP/6/MSTP_FORWARDING: Instance 0's port GigabitEthernet1/0/7 has been set to forwarding state.
%Aug 28 19:46:30:229 2018 BD-H3C5110-11 MSTP/6/MSTP_DETECTED_TC: Instance 0's port GigabitEthernet1/0/7 detected a topology change.
%Aug 28 19:47:34:693 2018 BD-H3C5110-11 MSTP/6/MSTP_NOTIFIED_TC: Instance 0's port GigabitEthernet1/0/52 was notified of a topology change.
%Aug 28 19:47:35:293 2018 BD-H3C5110-11 MSTP/6/MSTP_NOTIFIED_TC: Instance 0's port GigabitEthernet1/0/52 was notified of a topology change.
%Aug 28 19:49:36:597 2018 BD-H3C5110-11 MSTP/6/MSTP_NOTIFIED_TC: Instance 0's port GigabitEthernet1/0/52 was notified of a topology change.
%Aug 28 19:49:37:509 2018 BD-H3C5110-11 MSTP/6/MSTP_NOTIFIED_TC: Instance 0's port GigabitEthernet1/0/52 was notified of a topology change.
%Aug 28 19:53:40:376 2018 BD-H3C5110-11 SC/6/SC_AAA_LAUNCH: -AAAType=AUTHEN-AAAScheme= local-Service=login-UserName=admin@system; AAA launched.
%Aug 28 19:53:40:376 2018 BD-H3C5110-11 SC/6/SC_AAA_SUCCESS: -AAAType=AUTHEN-AAAScheme= local-Service=login-UserName=admin@system; AAA is successful.
%Aug 28 19:53:40:377 2018 BD-H3C5110-11 SC/6/SC_AAA_LAUNCH: -AAAType=AUTHOR-AAAScheme= local-Service=login-UserName=admin@system; AAA launched.
%Aug 28 19:53:40:377 2018 BD-H3C5110-11 SC/6/SC_AAA_SUCCESS: -AAAType=AUTHOR-AAAScheme= local-Service=login-UserName=admin@system; AAA is successful.
%Aug 28 19:53:40:377 2018 BD-H3C5110-11 SC/6/SC_AAA_LAUNCH: -AAAType=ACCOUNT-AAAScheme= local-Service=login-UserName=admin@system; AAA launched.
%Aug 28 19:53:40:377 2018 BD-H3C5110-11 SC/6/SC_AAA_SUCCESS: -AAAType=ACCOUNT-AAAScheme= local-Service=login-UserName=admin@system; AAA is successful.
%Aug 28 19:53:40:379 2018 BD-H3C5110-11 SHELL/5/SHELL_LOGIN: admin logged in from 192.148.120.4.
%Aug 28 19:53:41:406 2018 BD-H3C5110-11 SHELL/6/SHELL_SECLOG: -Task=vt0-IPAddr=192.148.120.4-User=admin; Command is super
%Aug 28 19:53:41:445 2018 BD-H3C5110-11 SHELL/6/SHELL_CMD: -Task=vt0-IPAddr=192.148.120.4-User=admin; Command is display acl all
%Aug 28 19:53:41:515 2018 BD-H3C5110-11 SHELL/6/SHELL_CMD: -Task=vt0-IPAddr=192.148.120.4-User=admin; Command is dis current-configuration
%Aug 28 19:53:42:642 2018 BD-H3C5110-11 SHELL/6/SHELL_CMD: -Task=vt0-IPAddr=192.148.120.4-User=admin; Command is dis time-range all
%Aug 28 19:53:42:703 2018 BD-H3C5110-11 SHELL/6/SHELL_CMD: -Task=vt0-IPAddr=192.148.120.4-User=admin; Command is quit
%Aug 28 19:53:42:703 2018 BD-H3C5110-11 SHELL/5/SHELL_LOGOUT: admin logged out from 192.148.120.4.
%Aug 28 19:54:29:611 2018 BD-H3C5110-11 MSTP/6/MSTP_NOTIFIED_TC: Instance 0's port GigabitEthernet1/0/52 was notified of a topology change.
%Aug 28 19:54:31:457 2018 BD-H3C5110-11 MSTP/6/MSTP_NOTIFIED_TC: Instance 0's port GigabitEthernet1/0/52 was notified of a topology change.
%Aug 28 19:57:49:198 2018 BD-H3C5110-11 IFNET/3/LINK_UPDOWN: GigabitEthernet1/0/3 link status is DOWN.
%Aug 28 19:57:51:204 2018 BD-H3C5110-11 IFNET/3/LINK_UPDOWN: GigabitEthernet1/0/3 link status is UP.
%Aug 28 19:58:21:265 2018 BD-H3C5110-11 MSTP/6/MSTP_FORWARDING: Instance 0's port GigabitEthernet1/0/3 has been set to forwarding state.
%Aug 28 19:58:21:265 2018 BD-H3C5110-11 MSTP/6/MSTP_DETECTED_TC: Instance 0's port GigabitEthernet1/0/3 detected a topology change.
%Aug 28 20:10:22:605 2018 BD-H3C5110-11 MSTP/6/MSTP_NOTIFIED_TC: Instance 0's port GigabitEthernet1/0/52 was notified of a topology change.
%Aug 28 20:10:23:514 2018 BD-H3C5110-11 MSTP/6/MSTP_NOTIFIED_TC: Instance 0's port GigabitEthernet1/0/52 was notified of a topology change.
%Aug 28 20:10:25:820 2018 BD-H3C5110-11 MSTP/6/MSTP_NOTIFIED_TC: Instance 0's port GigabitEthernet1/0/52 was notified of a topology change.
%Aug 28 20:10:27:754 2018 BD-H3C5110-11 MSTP/6/MSTP_NOTIFIED_TC: Instance 0's port GigabitEthernet1/0/52 was notified of a topology change.
%Aug 28 20:15:57:837 2018 BD-H3C5110-11 MSTP/6/MSTP_NOTIFIED_TC: Instance 0's port GigabitEthernet1/0/52 was notified of a topology change.
%Aug 28 20:15:59:664 2018 BD-H3C5110-11 MSTP/6/MSTP_NOTIFIED_TC: Instance 0's port GigabitEthernet1/0/52 was notified of a topology change.
%Aug 28 20:17:54:529 2018 BD-H3C5110-11 MSTP/6/MSTP_NOTIFIED_TC: Instance 0's port GigabitEthernet1/0/52 was notified of a topology change.
%Aug 28 20:17:55:824 2018 BD-H3C5110-11 MSTP/6/MSTP_NOTIFIED_TC: Instance 0's port GigabitEthernet1/0/52 was notified of a topology change.
%Aug 28 20:35:20:721 2018 BD-H3C5110-11 MSTP/6/MSTP_NOTIFIED_TC: Instance 0's port GigabitEthernet1/0/52 was notified of a topology change.
%Aug 28 20:35:22:114 2018 BD-H3C5110-11 MSTP/6/MSTP_NOTIFIED_TC: Instance 0's port GigabitEthernet1/0/52 was notified of a topology change.
%Aug 28 20:36:06:849 2018 BD-H3C5110-11 IFNET/3/LINK_UPDOWN: GigabitEthernet1/0/48 link status is DOWN.
%Aug 28 20:40:43:910 2018 BD-H3C5110-11 IFNET/3/LINK_UPDOWN: GigabitEthernet1/0/40 link status is DOWN.
%Aug 28 20:40:43:954 2018 BD-H3C5110-11 IFNET/3/LINK_UPDOWN: GigabitEthernet1/0/42 link status is DOWN.
%Aug 28 20:40:45:675 2018 BD-H3C5110-11 IFNET/3/LINK_UPDOWN: GigabitEthernet1/0/47 link status is DOWN.
%Aug 28 20:40:49:219 2018 BD-H3C5110-11 IFNET/3/LINK_UPDOWN: GigabitEthernet1/0/45 link status is DOWN.
%Aug 28 20:40:52:259 2018 BD-H3C5110-11 IFNET/3/LINK_UPDOWN: GigabitEthernet1/0/43 link status is DOWN.
%Aug 28 20:41:25:244 2018 BD-H3C5110-11 IFNET/3/LINK_UPDOWN: GigabitEthernet1/0/44 link status is DOWN.
%Aug 28 20:41:31:157 2018 BD-H3C5110-11 IFNET/3/LINK_UPDOWN: GigabitEthernet1/0/46 link status is DOWN.
%Aug 28 20:43:27:112 2018 BD-H3C5110-11 IFNET/3/LINK_UPDOWN: GigabitEthernet1/0/17 link status is DOWN.
%Aug 28 20:43:28:248 2018 BD-H3C5110-11 IFNET/3/LINK_UPDOWN: GigabitEthernet1/0/7 link status is DOWN.
%Aug 28 20:43:28:269 2018 BD-H3C5110-11 IFNET/3/LINK_UPDOWN: GigabitEthernet1/0/4 link status is DOWN.
%Aug 28 20:43:28:323 2018 BD-H3C5110-11 IFNET/3/LINK_UPDOWN: GigabitEthernet1/0/30 link status is DOWN.
%Aug 28 20:43:28:341 2018 BD-H3C5110-11 IFNET/3/LINK_UPDOWN: GigabitEthernet1/0/6 link status is DOWN.
%Aug 28 20:43:31:663 2018 BD-H3C5110-11 IFNET/3/LINK_UPDOWN: GigabitEthernet1/0/18 link status is DOWN.
%Aug 28 20:43:36:190 2018 BD-H3C5110-11 IFNET/3/LINK_UPDOWN: GigabitEthernet1/0/3 link status is DOWN.
%Aug 28 20:43:37:668 2018 BD-H3C5110-11 IFNET/3/LINK_UPDOWN: GigabitEthernet1/0/16 link status is DOWN.
%Aug 28 20:47:50:376 2018 BD-H3C5110-11 MSTP/6/MSTP_NOTIFIED_TC: Instance 0's port GigabitEthernet1/0/52 was notified of a topology change.
%Aug 28 20:47:52:110 2018 BD-H3C5110-11 MSTP/6/MSTP_NOTIFIED_TC: Instance 0's port GigabitEthernet1/0/52 was notified of a topology change.
%Aug 29 07:49:52:971 2018 BD-H3C5110-11 MSTP/6/MSTP_NOTIFIED_TC: Instance 0's port GigabitEthernet1/0/52 was notified of a topology change.
%Aug 29 07:49:53:742 2018 BD-H3C5110-11 MSTP/6/MSTP_NOTIFIED_TC: Instance 0's port GigabitEthernet1/0/52 was notified of a topology change.
%Aug 29 08:06:56:869 2018 BD-H3C5110-11 MSTP/6/MSTP_NOTIFIED_TC: Instance 0's port GigabitEthernet1/0/52 was notified of a topology change.
%Aug 29 08:06:57:649 2018 BD-H3C5110-11 MSTP/6/MSTP_NOTIFIED_TC: Instance 0's port GigabitEthernet1/0/52 was notified of a topology change.
%Aug 29 08:07:47:035 2018 BD-H3C5110-11 MSTP/6/MSTP_NOTIFIED_TC: Instance 0's port GigabitEthernet1/0/52 was notified of a topology change.
%Aug 29 08:07:47:775 2018 BD-H3C5110-11 MSTP/6/MSTP_NOTIFIED_TC: Instance 0's port GigabitEthernet1/0/52 was notified of a topology change.
%Aug 29 08:10:40:125 2018 BD-H3C5110-11 MSTP/6/MSTP_NOTIFIED_TC: Instance 0's port GigabitEthernet1/0/52 was notified of a topology change.
%Aug 29 08:10:41:686 2018 BD-H3C5110-11 MSTP/6/MSTP_NOTIFIED_TC: Instance 0's port GigabitEthernet1/0/52 was notified of a topology change.
%Aug 29 08:15:04:796 2018 BD-H3C5110-11 MSTP/6/MSTP_NOTIFIED_TC: Instance 0's port GigabitEthernet1/0/52 was notified of a topology change.
%Aug 29 08:15:07:664 2018 BD-H3C5110-11 MSTP/6/MSTP_NOTIFIED_TC: Instance 0's port GigabitEthernet1/0/52 was notified of a topology change.
%Aug 29 08:17:47:390 2018 BD-H3C5110-11 MSTP/6/MSTP_NOTIFIED_TC: Instance 0's port GigabitEthernet1/0/52 was notified of a topology change.
%Aug 29 08:17:47:888 2018 BD-H3C5110-11 MSTP/6/MSTP_NOTIFIED_TC: Instance 0's port GigabitEthernet1/0/52 was notified of a topology change.
%Aug 29 08:20:02:671 2018 BD-H3C5110-11 MSTP/6/MSTP_NOTIFIED_TC: Instance 0's port GigabitEthernet1/0/52 was notified of a topology change.
%Aug 29 08:20:03:808 2018 BD-H3C5110-11 MSTP/6/MSTP_NOTIFIED_TC: Instance 0's port GigabitEthernet1/0/52 was notified of a topology change.
%Aug 29 08:22:31:670 2018 BD-H3C5110-11 MSTP/6/MSTP_NOTIFIED_TC: Instance 0's port GigabitEthernet1/0/52 was notified of a topology change.
%Aug 29 08:22:31:979 2018 BD-H3C5110-11 MSTP/6/MSTP_NOTIFIED_TC: Instance 0's port GigabitEthernet1/0/52 was notified of a topology change.
%Aug 29 08:24:39:545 2018 BD-H3C5110-11 MSTP/6/MSTP_NOTIFIED_TC: Instance 0's port GigabitEthernet1/0/52 was notified of a topology change.
%Aug 29 08:24:40:132 2018 BD-H3C5110-11 MSTP/6/MSTP_NOTIFIED_TC: Instance 0's port GigabitEthernet1/0/52 was notified of a topology change.
%Aug 29 08:24:43:123 2018 BD-H3C5110-11 MSTP/6/MSTP_NOTIFIED_TC: Instance 0's port GigabitEthernet1/0/52 was notified of a topology change.
%Aug 29 08:24:43:911 2018 BD-H3C5110-11 MSTP/6/MSTP_NOTIFIED_TC: Instance 0's port GigabitEthernet1/0/52 was notified of a topology change.
%Aug 29 08:25:36:374 2018 BD-H3C5110-11 IFNET/3/LINK_UPDOWN: GigabitEthernet1/0/44 link status is UP.
%Aug 29 08:25:37:188 2018 BD-H3C5110-11 IFNET/3/LINK_UPDOWN: GigabitEthernet1/0/46 link status is UP.
%Aug 29 08:25:38:786 2018 BD-H3C5110-11 IFNET/3/LINK_UPDOWN: GigabitEthernet1/0/48 link status is UP.
%Aug 29 08:25:39:317 2018 BD-H3C5110-11 MSTP/6/MSTP_NOTIFIED_TC: Instance 0's port GigabitEthernet1/0/52 was notified of a topology change.
%Aug 29 08:25:39:996 2018 BD-H3C5110-11 MSTP/6/MSTP_NOTIFIED_TC: Instance 0's port GigabitEthernet1/0/52 was notified of a topology change.
%Aug 29 08:25:40:151 2018 BD-H3C5110-11 IFNET/3/LINK_UPDOWN: GigabitEthernet1/0/48 link status is DOWN.
%Aug 29 08:25:40:902 2018 BD-H3C5110-11 IFNET/3/LINK_UPDOWN: GigabitEthernet1/0/46 link status is DOWN.
%Aug 29 08:25:42:564 2018 BD-H3C5110-11 IFNET/3/LINK_UPDOWN: GigabitEthernet1/0/46 link status is UP.
%Aug 29 08:26:05:517 2018 BD-H3C5110-11 MSTP/6/MSTP_NOTIFIED_TC: Instance 0's port GigabitEthernet1/0/52 was notified of a topology change.
%Aug 29 08:26:06:058 2018 BD-H3C5110-11 MSTP/6/MSTP_FORWARDING: Instance 0's port GigabitEthernet1/0/44 has been set to forwarding state.
%Aug 29 08:26:06:058 2018 BD-H3C5110-11 MSTP/6/MSTP_DETECTED_TC: Instance 0's port GigabitEthernet1/0/44 detected a topology change.
%Aug 29 08:26:06:194 2018 BD-H3C5110-11 IFNET/3/LINK_UPDOWN: GigabitEthernet1/0/17 link status is UP.
%Aug 29 08:26:06:194 2018 BD-H3C5110-11 MSTP/6/MSTP_NOTIFIED_TC: Instance 0's port GigabitEthernet1/0/52 was notified of a topology change.
%Aug 29 08:26:06:274 2018 BD-H3C5110-11 IFNET/3/LINK_UPDOWN: GigabitEthernet1/0/18 link status is UP.
%Aug 29 08:26:06:409 2018 BD-H3C5110-11 IFNET/3/LINK_UPDOWN: GigabitEthernet1/0/3 link status is UP.
%Aug 29 08:26:07:163 2018 BD-H3C5110-11 IFNET/3/LINK_UPDOWN: GigabitEthernet1/0/16 link status is UP.
%Aug 29 08:26:07:819 2018 BD-H3C5110-11 IFNET/3/LINK_UPDOWN: GigabitEthernet1/0/6 link status is UP.
%Aug 29 08:26:07:842 2018 BD-H3C5110-11 IFNET/3/LINK_UPDOWN: GigabitEthernet1/0/4 link status is UP.
%Aug 29 08:26:07:843 2018 BD-H3C5110-11 IFNET/3/LINK_UPDOWN: GigabitEthernet1/0/7 link status is UP.
%Aug 29 08:26:07:858 2018 BD-H3C5110-11 IFNET/3/LINK_UPDOWN: GigabitEthernet1/0/30 link status is UP.
%Aug 29 08:26:08:308 2018 BD-H3C5110-11 MSTP/6/MSTP_NOTIFIED_TC: Instance 0's port GigabitEthernet1/0/52 was notified of a topology change.
%Aug 29 08:26:10:145 2018 BD-H3C5110-11 MSTP/6/MSTP_NOTIFIED_TC: Instance 0's port GigabitEthernet1/0/52 was notified of a topology change.
%Aug 29 08:26:10:729 2018 BD-H3C5110-11 MSTP/6/MSTP_NOTIFIED_TC: Instance 0's port GigabitEthernet1/0/52 was notified of a topology change.
%Aug 29 08:26:11:956 2018 BD-H3C5110-11 MSTP/6/MSTP_FORWARDING: Instance 0's port GigabitEthernet1/0/46 has been set to forwarding state.
%Aug 29 08:26:11:956 2018 BD-H3C5110-11 MSTP/6/MSTP_DETECTED_TC: Instance 0's port GigabitEthernet1/0/46 detected a topology change.
%Aug 29 08:26:18:354 2018 BD-H3C5110-11 IFNET/3/LINK_UPDOWN: GigabitEthernet1/0/45 link status is UP.
%Aug 29 08:26:18:443 2018 BD-H3C5110-11 IFNET/3/LINK_UPDOWN: GigabitEthernet1/0/43 link status is UP.
%Aug 29 08:26:18:444 2018 BD-H3C5110-11 IFNET/3/LINK_UPDOWN: GigabitEthernet1/0/47 link status is UP.
%Aug 29 08:26:19:781 2018 BD-H3C5110-11 IFNET/3/LINK_UPDOWN: GigabitEthernet1/0/40 link status is UP.
%Aug 29 08:26:19:804 2018 BD-H3C5110-11 IFNET/3/LINK_UPDOWN: GigabitEthernet1/0/42 link status is UP.
%Aug 29 08:26:21:411 2018 BD-H3C5110-11 IFNET/3/LINK_UPDOWN: GigabitEthernet1/0/47 link status is DOWN.
%Aug 29 08:26:21:596 2018 BD-H3C5110-11 IFNET/3/LINK_UPDOWN: GigabitEthernet1/0/17 link status is DOWN.
%Aug 29 08:26:23:113 2018 BD-H3C5110-11 IFNET/3/LINK_UPDOWN: GigabitEthernet1/0/47 link status is UP.
%Aug 29 08:26:23:276 2018 BD-H3C5110-11 IFNET/3/LINK_UPDOWN: GigabitEthernet1/0/17 link status is UP.
%Aug 29 08:26:36:051 2018 BD-H3C5110-11 MSTP/6/MSTP_NOTIFIED_TC: Instance 0's port GigabitEthernet1/0/52 was notified of a topology change.
%Aug 29 08:26:36:297 2018 BD-H3C5110-11 MSTP/6/MSTP_FORWARDING: Instance 0's port GigabitEthernet1/0/3 has been set to forwarding state.
%Aug 29 08:26:36:298 2018 BD-H3C5110-11 MSTP/6/MSTP_DETECTED_TC: Instance 0's port GigabitEthernet1/0/3 detected a topology change.
%Aug 29 08:26:36:298 2018 BD-H3C5110-11 MSTP/6/MSTP_FORWARDING: Instance 0's port GigabitEthernet1/0/16 has been set to forwarding state.
%Aug 29 08:26:36:298 2018 BD-H3C5110-11 MSTP/6/MSTP_DETECTED_TC: Instance 0's port GigabitEthernet1/0/16 detected a topology change.
%Aug 29 08:26:36:298 2018 BD-H3C5110-11 MSTP/6/MSTP_FORWARDING: Instance 0's port GigabitEthernet1/0/18 has been set to forwarding state.
%Aug 29 08:26:36:298 2018 BD-H3C5110-11 MSTP/6/MSTP_DETECTED_TC: Instance 0's port GigabitEthernet1/0/18 detected a topology change.
%Aug 29 08:26:36:485 2018 BD-H3C5110-11 MSTP/6/MSTP_NOTIFIED_TC: Instance 0's port GigabitEthernet1/0/52 was notified of a topology change.
%Aug 29 08:26:37:301 2018 BD-H3C5110-11 MSTP/6/MSTP_FORWARDING: Instance 0's port GigabitEthernet1/0/4 has been set to forwarding state.
%Aug 29 08:26:37:301 2018 BD-H3C5110-11 MSTP/6/MSTP_DETECTED_TC: Instance 0's port GigabitEthernet1/0/4 detected a topology change.
%Aug 29 08:26:37:301 2018 BD-H3C5110-11 MSTP/6/MSTP_FORWARDING: Instance 0's port GigabitEthernet1/0/6 has been set to forwarding state.
%Aug 29 08:26:37:301 2018 BD-H3C5110-11 MSTP/6/MSTP_DETECTED_TC: Instance 0's port GigabitEthernet1/0/6 detected a topology change.
%Aug 29 08:26:37:301 2018 BD-H3C5110-11 MSTP/6/MSTP_FORWARDING: Instance 0's port GigabitEthernet1/0/7 has been set to forwarding state.
%Aug 29 08:26:37:302 2018 BD-H3C5110-11 MSTP/6/MSTP_DETECTED_TC: Instance 0's port GigabitEthernet1/0/7 detected a topology change.
%Aug 29 08:26:37:302 2018 BD-H3C5110-11 MSTP/6/MSTP_FORWARDING: Instance 0's port GigabitEthernet1/0/30 has been set to forwarding state.
%Aug 29 08:26:37:302 2018 BD-H3C5110-11 MSTP/6/MSTP_DETECTED_TC: Instance 0's port GigabitEthernet1/0/30 detected a topology change.
%Aug 29 08:26:38:430 2018 BD-H3C5110-11 MSTP/6/MSTP_NOTIFIED_TC: Instance 0's port GigabitEthernet1/0/52 was notified of a topology change.
%Aug 29 08:26:40:298 2018 BD-H3C5110-11 MSTP/6/MSTP_NOTIFIED_TC: Instance 0's port GigabitEthernet1/0/52 was notified of a topology change.
%Aug 29 08:26:40:709 2018 BD-H3C5110-11 MSTP/6/MSTP_NOTIFIED_TC: Instance 0's port GigabitEthernet1/0/52 was notified of a topology change.
%Aug 29 08:26:48:069 2018 BD-H3C5110-11 MSTP/6/MSTP_FORWARDING: Instance 0's port GigabitEthernet1/0/43 has been set to forwarding state.
%Aug 29 08:26:48:070 2018 BD-H3C5110-11 MSTP/6/MSTP_DETECTED_TC: Instance 0's port GigabitEthernet1/0/43 detected a topology change.
%Aug 29 08:26:48:070 2018 BD-H3C5110-11 MSTP/6/MSTP_FORWARDING: Instance 0's port GigabitEthernet1/0/45 has been set to forwarding state.
%Aug 29 08:26:48:070 2018 BD-H3C5110-11 MSTP/6/MSTP_DETECTED_TC: Instance 0's port GigabitEthernet1/0/45 detected a topology change.
%Aug 29 08:26:48:730 2018 BD-H3C5110-11 MSTP/6/MSTP_NOTIFIED_TC: Instance 0's port GigabitEthernet1/0/52 was notified of a topology change.
%Aug 29 08:26:49:261 2018 BD-H3C5110-11 MSTP/6/MSTP_FORWARDING: Instance 0's port GigabitEthernet1/0/40 has been set to forwarding state.
%Aug 29 08:29:57:575 2018 BD-H3C5110-11 MSTP/6/MSTP_DETECTED_TC: Instance 0's port GigabitEthernet1/0/40 detected a topology change.
%Aug 29 08:29:57:575 2018 BD-H3C5110-11 MSTP/6/MSTP_FORWARDING: Instance 0's port GigabitEthernet1/0/42 has been set to forwarding state.
%Aug 29 08:29:57:575 2018 BD-H3C5110-11 MSTP/6/MSTP_DETECTED_TC: Instance 0's port GigabitEthernet1/0/42 detected a topology change.
%Aug 29 08:29:57:576 2018 BD-H3C5110-11 MSTP/6/MSTP_NOTIFIED_TC: Instance 0's port GigabitEthernet1/0/52 was notified of a topology change.
%Aug 29 08:29:57:576 2018 BD-H3C5110-11 MSTP/6/MSTP_NOTIFIED_TC: Instance 0's port GigabitEthernet1/0/52 was notified of a topology change.
%Aug 29 08:29:57:576 2018 BD-H3C5110-11 IFNET/3/LINK_UPDOWN: GigabitEthernet1/0/43 link status is DOWN.
%Aug 29 08:29:57:576 2018 BD-H3C5110-11 MSTP/6/MSTP_NOTIFIED_TC: Instance 0's port GigabitEthernet1/0/52 was notified of a topology change.
%Aug 29 08:29:57:576 2018 BD-H3C5110-11 MSTP/6/MSTP_FORWARDING: Instance 0's port GigabitEthernet1/0/17 has been set to forwarding state.
%Aug 29 08:29:57:576 2018 BD-H3C5110-11 MSTP/6/MSTP_DETECTED_TC: Instance 0's port GigabitEthernet1/0/17 detected a topology change.
%Aug 29 08:29:57:577 2018 BD-H3C5110-11 MSTP/6/MSTP_FORWARDING: Instance 0's port GigabitEthernet1/0/47 has been set to forwarding state.
%Aug 29 08:29:57:577 2018 BD-H3C5110-11 MSTP/6/MSTP_DETECTED_TC: Instance 0's port GigabitEthernet1/0/47 detected a topology change.
%Aug 29 08:29:57:577 2018 BD-H3C5110-11 IFNET/3/LINK_UPDOWN: GigabitEthernet1/0/43 link status is UP.
%Aug 29 08:29:57:577 2018 BD-H3C5110-11 IFNET/3/LINK_UPDOWN: GigabitEthernet1/0/7 link status is DOWN.
%Aug 29 08:29:57:577 2018 BD-H3C5110-11 MSTP/6/MSTP_NOTIFIED_TC: Instance 0's port GigabitEthernet1/0/52 was notified of a topology change.
%Aug 29 08:29:57:577 2018 BD-H3C5110-11 IFNET/3/LINK_UPDOWN: GigabitEthernet1/0/7 link status is UP.
%Aug 29 08:29:57:578 2018 BD-H3C5110-11 MSTP/6/MSTP_NOTIFIED_TC: Instance 0's port GigabitEthernet1/0/52 was notified of a topology change.
%Aug 29 08:29:57:578 2018 BD-H3C5110-11 MSTP/6/MSTP_NOTIFIED_TC: Instance 0's port GigabitEthernet1/0/52 was notified of a topology change.
%Aug 29 08:29:57:578 2018 BD-H3C5110-11 IFNET/3/LINK_UPDOWN: GigabitEthernet1/0/43 link status is DOWN.
%Aug 29 08:29:57:578 2018 BD-H3C5110-11 MSTP/6/MSTP_NOTIFIED_TC: Instance 0's port GigabitEthernet1/0/52 was notified of a topology change.
%Aug 29 08:29:57:582 2018 BD-H3C5110-11 IFNET/3/LINK_UPDOWN: GigabitEthernet1/0/7 link status is DOWN.
%Aug 29 08:29:57:583 2018 BD-H3C5110-11 IFNET/3/LINK_UPDOWN: GigabitEthernet1/0/43 link status is UP.
%Aug 29 08:29:57:583 2018 BD-H3C5110-11 IFNET/3/LINK_UPDOWN: GigabitEthernet1/0/7 link status is UP.
%Aug 29 08:29:57:583 2018 BD-H3C5110-11 MSTP/6/MSTP_NOTIFIED_TC: Instance 0's port GigabitEthernet1/0/52 was notified of a topology change.
%Aug 29 08:29:57:583 2018 BD-H3C5110-11 MSTP/6/MSTP_NOTIFIED_TC: Instance 0's port GigabitEthernet1/0/52 was notified of a topology change.
%Aug 29 08:29:57:583 2018 BD-H3C5110-11 MSTP/6/MSTP_NOTIFIED_TC: Instance 0's port GigabitEthernet1/0/52 was notified of a topology change.
%Aug 29 08:29:57:583 2018 BD-H3C5110-11 MSTP/6/MSTP_NOTIFIED_TC: Instance 0's port GigabitEthernet1/0/52 was notified of a topology change.
%Aug 29 08:29:57:584 2018 BD-H3C5110-11 MSTP/6/MSTP_NOTIFIED_TC: Instance 0's port GigabitEthernet1/0/52 was notified of a topology change.
%Aug 29 08:29:57:584 2018 BD-H3C5110-11 MSTP/6/MSTP_NOTIFIED_TC: Instance 0's port GigabitEthernet1/0/52 was notified of a topology change.
%Aug 29 08:29:57:584 2018 BD-H3C5110-11 MSTP/6/MSTP_FORWARDING: Instance 0's port GigabitEthernet1/0/43 has been set to forwarding state.
%Aug 29 08:29:57:584 2018 BD-H3C5110-11 MSTP/6/MSTP_DETECTED_TC: Instance 0's port GigabitEthernet1/0/43 detected a topology change.
%Aug 29 08:29:57:584 2018 BD-H3C5110-11 MSTP/6/MSTP_FORWARDING: Instance 0's port GigabitEthernet1/0/7 has been set to forwarding state.
%Aug 29 08:29:57:585 2018 BD-H3C5110-11 MSTP/6/MSTP_DETECTED_TC: Instance 0's port GigabitEthernet1/0/7 detected a topology change.
%Aug 29 08:29:57:585 2018 BD-H3C5110-11 MSTP/6/MSTP_NOTIFIED_TC: Instance 0's port GigabitEthernet1/0/52 was notified of a topology change.
%Aug 29 08:29:57:585 2018 BD-H3C5110-11 MSTP/6/MSTP_NOTIFIED_TC: Instance 0's port GigabitEthernet1/0/52 was notified of a topology change.
%Aug 29 08:29:57:585 2018 BD-H3C5110-11 MSTP/6/MSTP_NOTIFIED_TC: Instance 0's port GigabitEthernet1/0/52 was notified of a topology change.
%Aug 29 08:29:57:585 2018 BD-H3C5110-11 MSTP/6/MSTP_NOTIFIED_TC: Instance 0's port GigabitEthernet1/0/52 was notified of a topology change.
%Aug 29 08:30:06:119 2018 BD-H3C5110-11 MSTP/6/MSTP_NOTIFIED_TC: Instance 0's port GigabitEthernet1/0/52 was notified of a topology change.
%Aug 29 08:30:06:923 2018 BD-H3C5110-11 MSTP/6/MSTP_NOTIFIED_TC: Instance 0's port GigabitEthernet1/0/52 was notified of a topology change.
%Aug 29 08:30:12:393 2018 BD-H3C5110-11 IFNET/3/LINK_UPDOWN: GigabitEthernet1/0/4 link status is DOWN.
%Aug 29 08:30:13:438 2018 BD-H3C5110-11 IFNET/3/LINK_UPDOWN: GigabitEthernet1/0/6 link status is DOWN.
%Aug 29 08:30:14:020 2018 BD-H3C5110-11 IFNET/3/LINK_UPDOWN: GigabitEthernet1/0/4 link status is UP.
%Aug 29 08:30:15:071 2018 BD-H3C5110-11 IFNET/3/LINK_UPDOWN: GigabitEthernet1/0/6 link status is UP.
%Aug 29 08:30:23:903 2018 BD-H3C5110-11 IFNET/3/LINK_UPDOWN: GigabitEthernet1/0/4 link status is DOWN.
%Aug 29 08:30:24:673 2018 BD-H3C5110-11 IFNET/3/LINK_UPDOWN: GigabitEthernet1/0/6 link status is DOWN.
%Aug 29 08:30:26:638 2018 BD-H3C5110-11 IFNET/3/LINK_UPDOWN: GigabitEthernet1/0/4 link status is UP.
%Aug 29 08:30:27:313 2018 BD-H3C5110-11 IFNET/3/LINK_UPDOWN: GigabitEthernet1/0/6 link status is UP.
%Aug 29 08:30:54:762 2018 BD-H3C5110-11 MSTP/6/MSTP_NOTIFIED_TC: Instance 0's port GigabitEthernet1/0/52 was notified of a topology change.
%Aug 29 08:30:55:186 2018 BD-H3C5110-11 MSTP/6/MSTP_NOTIFIED_TC: Instance 0's port GigabitEthernet1/0/52 was notified of a topology change.
%Aug 29 08:30:56:439 2018 BD-H3C5110-11 MSTP/6/MSTP_FORWARDING: Instance 0's port GigabitEthernet1/0/4 has been set to forwarding state.
%Aug 29 08:30:56:440 2018 BD-H3C5110-11 MSTP/6/MSTP_DETECTED_TC: Instance 0's port GigabitEthernet1/0/4 detected a topology change.
%Aug 29 08:30:56:440 2018 BD-H3C5110-11 MSTP/6/MSTP_FORWARDING: Instance 0's port GigabitEthernet1/0/6 has been set to forwarding state.
%Aug 29 08:30:56:440 2018 BD-H3C5110-11 MSTP/6/MSTP_DETECTED_TC: Instance 0's port GigabitEthernet1/0/6 detected a topology change.
%Aug 29 08:31:47:561 2018 BD-H3C5110-11 IFNET/3/LINK_UPDOWN: GigabitEthernet1/0/45 link status is DOWN.
%Aug 29 08:31:49:145 2018 BD-H3C5110-11 IFNET/3/LINK_UPDOWN: GigabitEthernet1/0/45 link status is UP.
%Aug 29 08:32:13:580 2018 BD-H3C5110-11 MSTP/6/MSTP_NOTIFIED_TC: Instance 0's port GigabitEthernet1/0/52 was notified of a topology change.
%Aug 29 08:32:15:205 2018 BD-H3C5110-11 MSTP/6/MSTP_NOTIFIED_TC: Instance 0's port GigabitEthernet1/0/52 was notified of a topology change.
%Aug 29 08:32:18:493 2018 BD-H3C5110-11 MSTP/6/MSTP_FORWARDING: Instance 0's port GigabitEthernet1/0/45 has been set to forwarding state.
%Aug 29 08:32:18:494 2018 BD-H3C5110-11 MSTP/6/MSTP_DETECTED_TC: Instance 0's port GigabitEthernet1/0/45 detected a topology change.
%Aug 29 08:32:41:403 2018 BD-H3C5110-11 MSTP/6/MSTP_NOTIFIED_TC: Instance 0's port GigabitEthernet1/0/52 was notified of a topology change.
%Aug 29 08:32:43:401 2018 BD-H3C5110-11 MSTP/6/MSTP_NOTIFIED_TC: Instance 0's port GigabitEthernet1/0/52 was notified of a topology change.
%Aug 29 08:32:43:594 2018 BD-H3C5110-11 MSTP/6/MSTP_NOTIFIED_TC: Instance 0's port GigabitEthernet1/0/52 was notified of a topology change.
%Aug 29 08:32:45:277 2018 BD-H3C5110-11 MSTP/6/MSTP_NOTIFIED_TC: Instance 0's port GigabitEthernet1/0/52 was notified of a topology change.
%Aug 29 08:32:49:422 2018 BD-H3C5110-11 MSTP/6/MSTP_NOTIFIED_TC: Instance 0's port GigabitEthernet1/0/52 was notified of a topology change.
%Aug 29 08:32:51:275 2018 BD-H3C5110-11 MSTP/6/MSTP_NOTIFIED_TC: Instance 0's port GigabitEthernet1/0/52 was notified of a topology change.
%Aug 29 08:33:57:171 2018 BD-H3C5110-11 MSTP/6/MSTP_NOTIFIED_TC: Instance 0's port GigabitEthernet1/0/52 was notified of a topology change.
%Aug 29 08:33:57:704 2018 BD-H3C5110-11 MSTP/6/MSTP_NOTIFIED_TC: Instance 0's port GigabitEthernet1/0/52 was notified of a topology change.
%Aug 29 08:33:58:551 2018 BD-H3C5110-11 MSTP/6/MSTP_NOTIFIED_TC: Instance 0's port GigabitEthernet1/0/52 was notified of a topology change.
%Aug 29 08:33:59:559 2018 BD-H3C5110-11 MSTP/6/MSTP_NOTIFIED_TC: Instance 0's port GigabitEthernet1/0/52 was notified of a topology change.
%Aug 29 08:34:34:676 2018 BD-H3C5110-11 MSTP/6/MSTP_NOTIFIED_TC: Instance 0's port GigabitEthernet1/0/52 was notified of a topology change.
%Aug 29 08:34:35:550 2018 BD-H3C5110-11 MSTP/6/MSTP_NOTIFIED_TC: Instance 0's port GigabitEthernet1/0/52 was notified of a topology change.
%Aug 29 08:35:22:168 2018 BD-H3C5110-11 MSTP/6/MSTP_NOTIFIED_TC: Instance 0's port GigabitEthernet1/0/52 was notified of a topology change.
%Aug 29 08:35:23:727 2018 BD-H3C5110-11 MSTP/6/MSTP_NOTIFIED_TC: Instance 0's port GigabitEthernet1/0/52 was notified of a topology change.
%Aug 29 08:35:53:066 2018 BD-H3C5110-11 MSTP/6/MSTP_NOTIFIED_TC: Instance 0's port GigabitEthernet1/0/52 was notified of a topology change.
%Aug 29 08:35:53:728 2018 BD-H3C5110-11 MSTP/6/MSTP_NOTIFIED_TC: Instance 0's port GigabitEthernet1/0/52 was notified of a topology change.
%Aug 29 08:36:03:811 2018 BD-H3C5110-11 IFNET/3/LINK_UPDOWN: GigabitEthernet1/0/40 link status is DOWN.
%Aug 29 08:36:05:403 2018 BD-H3C5110-11 MSTP/6/MSTP_NOTIFIED_TC: Instance 0's port GigabitEthernet1/0/52 was notified of a topology change.
%Aug 29 08:36:05:704 2018 BD-H3C5110-11 IFNET/3/LINK_UPDOWN: GigabitEthernet1/0/40 link status is UP.
%Aug 29 08:36:06:003 2018 BD-H3C5110-11 MSTP/6/MSTP_NOTIFIED_TC: Instance 0's port GigabitEthernet1/0/52 was notified of a topology change.
%Aug 29 08:36:19:925 2018 BD-H3C5110-11 IFNET/3/LINK_UPDOWN: GigabitEthernet1/0/40 link status is DOWN.
%Aug 29 08:36:20:886 2018 BD-H3C5110-11 MSTP/6/MSTP_NOTIFIED_TC: Instance 0's port GigabitEthernet1/0/52 was notified of a topology change.
%Aug 29 08:36:21:957 2018 BD-H3C5110-11 MSTP/6/MSTP_NOTIFIED_TC: Instance 0's port GigabitEthernet1/0/52 was notified of a topology change.
%Aug 29 08:36:22:647 2018 BD-H3C5110-11 IFNET/3/LINK_UPDOWN: GigabitEthernet1/0/40 link status is UP.
%Aug 29 08:36:28:791 2018 BD-H3C5110-11 MSTP/6/MSTP_NOTIFIED_TC: Instance 0's port GigabitEthernet1/0/52 was notified of a topology change.
%Aug 29 08:36:30:013 2018 BD-H3C5110-11 MSTP/6/MSTP_NOTIFIED_TC: Instance 0's port GigabitEthernet1/0/52 was notified of a topology change.
%Aug 29 08:36:52:553 2018 BD-H3C5110-11 MSTP/6/MSTP_FORWARDING: Instance 0's port GigabitEthernet1/0/40 has been set to forwarding state.
%Aug 29 08:36:52:553 2018 BD-H3C5110-11 MSTP/6/MSTP_DETECTED_TC: Instance 0's port GigabitEthernet1/0/40 detected a topology change.
%Aug 29 08:37:11:340 2018 BD-H3C5110-11 MSTP/6/MSTP_NOTIFIED_TC: Instance 0's port GigabitEthernet1/0/52 was notified of a topology change.
%Aug 29 08:37:12:033 2018 BD-H3C5110-11 MSTP/6/MSTP_NOTIFIED_TC: Instance 0's port GigabitEthernet1/0/52 was notified of a topology change.
%Aug 29 08:37:25:424 2018 BD-H3C5110-11 MSTP/6/MSTP_NOTIFIED_TC: Instance 0's port GigabitEthernet1/0/52 was notified of a topology change.
%Aug 29 08:37:26:184 2018 BD-H3C5110-11 MSTP/6/MSTP_NOTIFIED_TC: Instance 0's port GigabitEthernet1/0/52 was notified of a topology change.
%Aug 29 08:38:22:669 2018 BD-H3C5110-11 MSTP/6/MSTP_NOTIFIED_TC: Instance 0's port GigabitEthernet1/0/52 was notified of a topology change.
%Aug 29 08:38:24:304 2018 BD-H3C5110-11 MSTP/6/MSTP_NOTIFIED_TC: Instance 0's port GigabitEthernet1/0/52 was notified of a topology change.
%Aug 29 08:38:49:031 2018 BD-H3C5110-11 MSTP/6/MSTP_NOTIFIED_TC: Instance 0's port GigabitEthernet1/0/52 was notified of a topology change.
%Aug 29 08:38:50:452 2018 BD-H3C5110-11 MSTP/6/MSTP_NOTIFIED_TC: Instance 0's port GigabitEthernet1/0/52 was notified of a topology change.
%Aug 29 08:39:07:377 2018 BD-H3C5110-11 MSTP/6/MSTP_NOTIFIED_TC: Instance 0's port GigabitEthernet1/0/52 was notified of a topology change.
%Aug 29 08:39:08:657 2018 BD-H3C5110-11 MSTP/6/MSTP_NOTIFIED_TC: Instance 0's port GigabitEthernet1/0/52 was notified of a topology change.
%Aug 29 08:39:33:448 2018 BD-H3C5110-11 MSTP/6/MSTP_NOTIFIED_TC: Instance 0's port GigabitEthernet1/0/52 was notified of a topology change.
%Aug 29 08:39:34:710 2018 BD-H3C5110-11 MSTP/6/MSTP_NOTIFIED_TC: Instance 0's port GigabitEthernet1/0/52 was notified of a topology change.
%Aug 29 08:39:34:968 2018 BD-H3C5110-11 MSTP/6/MSTP_NOTIFIED_TC: Instance 0's port GigabitEthernet1/0/52 was notified of a topology change.
%Aug 29 08:39:36:645 2018 BD-H3C5110-11 MSTP/6/MSTP_NOTIFIED_TC: Instance 0's port GigabitEthernet1/0/52 was notified of a topology change.
%Aug 29 08:39:41:341 2018 BD-H3C5110-11 MSTP/6/MSTP_NOTIFIED_TC: Instance 0's port GigabitEthernet1/0/52 was notified of a topology change.
%Aug 29 08:39:42:652 2018 BD-H3C5110-11 MSTP/6/MSTP_NOTIFIED_TC: Instance 0's port GigabitEthernet1/0/52 was notified of a topology change.
%Aug 29 08:40:04:837 2018 BD-H3C5110-11 MSTP/6/MSTP_NOTIFIED_TC: Instance 0's port GigabitEthernet1/0/52 was notified of a topology change.
%Aug 29 08:40:06:638 2018 BD-H3C5110-11 MSTP/6/MSTP_NOTIFIED_TC: Instance 0's port GigabitEthernet1/0/52 was notified of a topology change.
%Aug 29 08:40:21:866 2018 BD-H3C5110-11 MSTP/6/MSTP_NOTIFIED_TC: Instance 0's port GigabitEthernet1/0/52 was notified of a topology change.
%Aug 29 08:40:22:777 2018 BD-H3C5110-11 MSTP/6/MSTP_NOTIFIED_TC: Instance 0's port GigabitEthernet1/0/52 was notified of a topology change.
%Aug 29 08:40:41:113 2018 BD-H3C5110-11 MSTP/6/MSTP_NOTIFIED_TC: Instance 0's port GigabitEthernet1/0/52 was notified of a topology change.
%Aug 29 08:40:42:842 2018 BD-H3C5110-11 MSTP/6/MSTP_NOTIFIED_TC: Instance 0's port GigabitEthernet1/0/52 was notified of a topology change.
%Aug 29 08:40:44:391 2018 BD-H3C5110-11 MSTP/6/MSTP_NOTIFIED_TC: Instance 0's port GigabitEthernet1/0/52 was notified of a topology change.
%Aug 29 08:40:45:196 2018 BD-H3C5110-11 MSTP/6/MSTP_NOTIFIED_TC: Instance 0's port GigabitEthernet1/0/52 was notified of a topology change.
%Aug 29 08:40:47:213 2018 BD-H3C5110-11 MSTP/6/MSTP_NOTIFIED_TC: Instance 0's port GigabitEthernet1/0/52 was notified of a topology change.
%Aug 29 08:40:48:860 2018 BD-H3C5110-11 MSTP/6/MSTP_NOTIFIED_TC: Instance 0's port GigabitEthernet1/0/52 was notified of a topology change.
%Aug 29 08:40:54:905 2018 BD-H3C5110-11 MSTP/6/MSTP_NOTIFIED_TC: Instance 0's port GigabitEthernet1/0/52 was notified of a topology change.
%Aug 29 08:40:55:264 2018 BD-H3C5110-11 MSTP/6/MSTP_NOTIFIED_TC: Instance 0's port GigabitEthernet1/0/52 was notified of a topology change.
%Aug 29 08:41:07:066 2018 BD-H3C5110-11 MSTP/6/MSTP_NOTIFIED_TC: Instance 0's port GigabitEthernet1/0/52 was notified of a topology change.
%Aug 29 08:41:08:872 2018 BD-H3C5110-11 MSTP/6/MSTP_NOTIFIED_TC: Instance 0's port GigabitEthernet1/0/52 was notified of a topology change.
%Aug 29 08:41:09:760 2018 BD-H3C5110-11 MSTP/6/MSTP_NOTIFIED_TC: Instance 0's port GigabitEthernet1/0/52 was notified of a topology change.
%Aug 29 08:41:11:167 2018 BD-H3C5110-11 MSTP/6/MSTP_NOTIFIED_TC: Instance 0's port GigabitEthernet1/0/52 was notified of a topology change.
%Aug 29 08:41:27:850 2018 BD-H3C5110-11 MSTP/6/MSTP_NOTIFIED_TC: Instance 0's port GigabitEthernet1/0/52 was notified of a topology change.
%Aug 29 08:41:29:209 2018 BD-H3C5110-11 MSTP/6/MSTP_NOTIFIED_TC: Instance 0's port GigabitEthernet1/0/52 was notified of a topology change.
%Aug 29 08:42:03:143 2018 BD-H3C5110-11 MSTP/6/MSTP_NOTIFIED_TC: Instance 0's port GigabitEthernet1/0/52 was notified of a topology change.
%Aug 29 08:42:03:574 2018 BD-H3C5110-11 MSTP/6/MSTP_NOTIFIED_TC: Instance 0's port GigabitEthernet1/0/52 was notified of a topology change.
%Aug 29 08:42:11:196 2018 BD-H3C5110-11 MSTP/6/MSTP_NOTIFIED_TC: Instance 0's port GigabitEthernet1/0/52 was notified of a topology change.
%Aug 29 08:42:11:801 2018 BD-H3C5110-11 MSTP/6/MSTP_NOTIFIED_TC: Instance 0's port GigabitEthernet1/0/52 was notified of a topology change.
%Aug 29 08:42:49:159 2018 BD-H3C5110-11 MSTP/6/MSTP_NOTIFIED_TC: Instance 0's port GigabitEthernet1/0/52 was notified of a topology change.
%Aug 29 08:42:49:746 2018 BD-H3C5110-11 MSTP/6/MSTP_NOTIFIED_TC: Instance 0's port GigabitEthernet1/0/52 was notified of a topology change.
%Aug 29 08:43:03:977 2018 BD-H3C5110-11 MSTP/6/MSTP_NOTIFIED_TC: Instance 0's port GigabitEthernet1/0/52 was notified of a topology change.
%Aug 29 08:43:05:441 2018 BD-H3C5110-11 MSTP/6/MSTP_NOTIFIED_TC: Instance 0's port GigabitEthernet1/0/52 was notified of a topology change.
%Aug 29 08:43:33:534 2018 BD-H3C5110-11 MSTP/6/MSTP_NOTIFIED_TC: Instance 0's port GigabitEthernet1/0/52 was notified of a topology change.
%Aug 29 08:43:35:441 2018 BD-H3C5110-11 MSTP/6/MSTP_NOTIFIED_TC: Instance 0's port GigabitEthernet1/0/52 was notified of a topology change.
%Aug 29 08:43:54:987 2018 BD-H3C5110-11 MSTP/6/MSTP_NOTIFIED_TC: Instance 0's port GigabitEthernet1/0/52 was notified of a topology change.
%Aug 29 08:43:55:667 2018 BD-H3C5110-11 MSTP/6/MSTP_NOTIFIED_TC: Instance 0's port GigabitEthernet1/0/52 was notified of a topology change.
%Aug 29 08:44:03:158 2018 BD-H3C5110-11 MSTP/6/MSTP_NOTIFIED_TC: Instance 0's port GigabitEthernet1/0/52 was notified of a topology change.
%Aug 29 08:44:03:710 2018 BD-H3C5110-11 MSTP/6/MSTP_NOTIFIED_TC: Instance 0's port GigabitEthernet1/0/52 was notified of a topology change.
%Aug 29 08:44:05:693 2018 BD-H3C5110-11 MSTP/6/MSTP_NOTIFIED_TC: Instance 0's port GigabitEthernet1/0/52 was notified of a topology change.
%Aug 29 08:44:07:651 2018 BD-H3C5110-11 MSTP/6/MSTP_NOTIFIED_TC: Instance 0's port GigabitEthernet1/0/52 was notified of a topology change.
%Aug 29 08:44:32:033 2018 BD-H3C5110-11 MSTP/6/MSTP_NOTIFIED_TC: Instance 0's port GigabitEthernet1/0/52 was notified of a topology change.
%Aug 29 08:44:33:541 2018 BD-H3C5110-11 MSTP/6/MSTP_NOTIFIED_TC: Instance 0's port GigabitEthernet1/0/52 was notified of a topology change.
%Aug 29 08:44:43:600 2018 BD-H3C5110-11 MSTP/6/MSTP_NOTIFIED_TC: Instance 0's port GigabitEthernet1/0/52 was notified of a topology change.
%Aug 29 08:44:44:111 2018 BD-H3C5110-11 MSTP/6/MSTP_NOTIFIED_TC: Instance 0's port GigabitEthernet1/0/52 was notified of a topology change.
%Aug 29 08:44:49:679 2018 BD-H3C5110-11 MSTP/6/MSTP_NOTIFIED_TC: Instance 0's port GigabitEthernet1/0/52 was notified of a topology change.
%Aug 29 08:44:50:172 2018 BD-H3C5110-11 MSTP/6/MSTP_NOTIFIED_TC: Instance 0's port GigabitEthernet1/0/52 was notified of a topology change.
%Aug 29 08:45:59:116 2018 BD-H3C5110-11 MSTP/6/MSTP_NOTIFIED_TC: Instance 0's port GigabitEthernet1/0/52 was notified of a topology change.
%Aug 29 08:45:59:721 2018 BD-H3C5110-11 MSTP/6/MSTP_NOTIFIED_TC: Instance 0's port GigabitEthernet1/0/52 was notified of a topology change.
%Aug 29 08:46:26:929 2018 BD-H3C5110-11 MSTP/6/MSTP_NOTIFIED_TC: Instance 0's port GigabitEthernet1/0/52 was notified of a topology change.
%Aug 29 08:46:27:705 2018 BD-H3C5110-11 MSTP/6/MSTP_NOTIFIED_TC: Instance 0's port GigabitEthernet1/0/52 was notified of a topology change.
%Aug 29 08:46:31:302 2018 BD-H3C5110-11 MSTP/6/MSTP_NOTIFIED_TC: Instance 0's port GigabitEthernet1/0/52 was notified of a topology change.
%Aug 29 08:46:31:836 2018 BD-H3C5110-11 MSTP/6/MSTP_NOTIFIED_TC: Instance 0's port GigabitEthernet1/0/52 was notified of a topology change.
%Aug 29 08:46:36:313 2018 BD-H3C5110-11 MSTP/6/MSTP_NOTIFIED_TC: Instance 0's port GigabitEthernet1/0/52 was notified of a topology change.
%Aug 29 08:46:37:802 2018 BD-H3C5110-11 MSTP/6/MSTP_NOTIFIED_TC: Instance 0's port GigabitEthernet1/0/52 was notified of a topology change.
%Aug 29 08:46:38:318 2018 BD-H3C5110-11 MSTP/6/MSTP_NOTIFIED_TC: Instance 0's port GigabitEthernet1/0/52 was notified of a topology change.
%Aug 29 08:46:39:800 2018 BD-H3C5110-11 MSTP/6/MSTP_NOTIFIED_TC: Instance 0's port GigabitEthernet1/0/52 was notified of a topology change.
%Aug 29 08:47:11:677 2018 BD-H3C5110-11 IFNET/3/LINK_UPDOWN: GigabitEthernet1/0/48 link status is UP.
%Aug 29 08:47:14:447 2018 BD-H3C5110-11 MSTP/6/MSTP_NOTIFIED_TC: Instance 0's port GigabitEthernet1/0/52 was notified of a topology change.
%Aug 29 08:47:15:973 2018 BD-H3C5110-11 MSTP/6/MSTP_NOTIFIED_TC: Instance 0's port GigabitEthernet1/0/52 was notified of a topology change.
%Aug 29 08:47:41:308 2018 BD-H3C5110-11 MSTP/6/MSTP_FORWARDING: Instance 0's port GigabitEthernet1/0/48 has been set to forwarding state.
%Aug 29 08:47:41:308 2018 BD-H3C5110-11 MSTP/6/MSTP_DETECTED_TC: Instance 0's port GigabitEthernet1/0/48 detected a topology change.
%Aug 29 08:47:41:995 2018 BD-H3C5110-11 IFNET/3/LINK_UPDOWN: GigabitEthernet1/0/3 link status is DOWN.
%Aug 29 08:47:44:295 2018 BD-H3C5110-11 IFNET/3/LINK_UPDOWN: GigabitEthernet1/0/3 link status is UP.
%Aug 29 08:47:50:221 2018 BD-H3C5110-11 IFNET/3/LINK_UPDOWN: GigabitEthernet1/0/16 link status is DOWN.
%Aug 29 08:47:55:051 2018 BD-H3C5110-11 IFNET/3/LINK_UPDOWN: GigabitEthernet1/0/16 link status is UP.
%Aug 29 08:48:05:839 2018 BD-H3C5110-11 MSTP/6/MSTP_NOTIFIED_TC: Instance 0's port GigabitEthernet1/0/52 was notified of a topology change.
%Aug 29 08:48:06:543 2018 BD-H3C5110-11 MSTP/6/MSTP_NOTIFIED_TC: Instance 0's port GigabitEthernet1/0/52 was notified of a topology change.
%Aug 29 08:48:14:243 2018 BD-H3C5110-11 MSTP/6/MSTP_FORWARDING: Instance 0's port GigabitEthernet1/0/3 has been set to forwarding state.
%Aug 29 08:48:14:243 2018 BD-H3C5110-11 MSTP/6/MSTP_DETECTED_TC: Instance 0's port GigabitEthernet1/0/3 detected a topology change.
%Aug 29 08:48:21:619 2018 BD-H3C5110-11 MSTP/6/MSTP_NOTIFIED_TC: Instance 0's port GigabitEthernet1/0/52 was notified of a topology change.
%Aug 29 08:48:22:448 2018 BD-H3C5110-11 MSTP/6/MSTP_NOTIFIED_TC: Instance 0's port GigabitEthernet1/0/52 was notified of a topology change.
%Aug 29 08:48:24:146 2018 BD-H3C5110-11 MSTP/6/MSTP_FORWARDING: Instance 0's port GigabitEthernet1/0/16 has been set to forwarding state.
%Aug 29 08:48:24:146 2018 BD-H3C5110-11 MSTP/6/MSTP_DETECTED_TC: Instance 0's port GigabitEthernet1/0/16 detected a topology change.
%Aug 29 08:48:35:690 2018 BD-H3C5110-11 MSTP/6/MSTP_NOTIFIED_TC: Instance 0's port GigabitEthernet1/0/52 was notified of a topology change.
%Aug 29 08:48:36:548 2018 BD-H3C5110-11 MSTP/6/MSTP_NOTIFIED_TC: Instance 0's port GigabitEthernet1/0/52 was notified of a topology change.
%Aug 29 08:48:59:882 2018 BD-H3C5110-11 MSTP/6/MSTP_NOTIFIED_TC: Instance 0's port GigabitEthernet1/0/52 was notified of a topology change.
%Aug 29 08:49:00:660 2018 BD-H3C5110-11 MSTP/6/MSTP_NOTIFIED_TC: Instance 0's port GigabitEthernet1/0/52 was notified of a topology change.
%Aug 29 08:49:01:493 2018 BD-H3C5110-11 IFNET/3/LINK_UPDOWN: GigabitEthernet1/0/30 link status is DOWN.
%Aug 29 08:49:01:944 2018 BD-H3C5110-11 MSTP/6/MSTP_NOTIFIED_TC: Instance 0's port GigabitEthernet1/0/52 was notified of a topology change.
%Aug 29 08:49:02:497 2018 BD-H3C5110-11 MSTP/6/MSTP_NOTIFIED_TC: Instance 0's port GigabitEthernet1/0/52 was notified of a topology change.
%Aug 29 08:49:03:098 2018 BD-H3C5110-11 IFNET/3/LINK_UPDOWN: GigabitEthernet1/0/30 link status is UP.
%Aug 29 08:49:12:176 2018 BD-H3C5110-11 IFNET/3/LINK_UPDOWN: GigabitEthernet1/0/30 link status is DOWN.
%Aug 29 08:49:14:808 2018 BD-H3C5110-11 IFNET/3/LINK_UPDOWN: GigabitEthernet1/0/30 link status is UP.
%Aug 29 08:49:19:225 2018 BD-H3C5110-11 IFNET/3/LINK_UPDOWN: GigabitEthernet1/0/42 link status is DOWN.
%Aug 29 08:49:20:839 2018 BD-H3C5110-11 IFNET/3/LINK_UPDOWN: GigabitEthernet1/0/42 link status is UP.
%Aug 29 08:49:35:810 2018 BD-H3C5110-11 IFNET/3/LINK_UPDOWN: GigabitEthernet1/0/42 link status is DOWN.
%Aug 29 08:49:38:537 2018 BD-H3C5110-11 IFNET/3/LINK_UPDOWN: GigabitEthernet1/0/42 link status is UP.
%Aug 29 08:49:44:306 2018 BD-H3C5110-11 MSTP/6/MSTP_FORWARDING: Instance 0's port GigabitEthernet1/0/30 has been set to forwarding state.
%Aug 29 08:49:44:307 2018 BD-H3C5110-11 MSTP/6/MSTP_DETECTED_TC: Instance 0's port GigabitEthernet1/0/30 detected a topology change.
%Aug 29 08:49:51:118 2018 BD-H3C5110-11 MSTP/6/MSTP_NOTIFIED_TC: Instance 0's port GigabitEthernet1/0/52 was notified of a topology change.
%Aug 29 08:49:52:734 2018 BD-H3C5110-11 MSTP/6/MSTP_NOTIFIED_TC: Instance 0's port GigabitEthernet1/0/52 was notified of a topology change.
%Aug 29 08:49:54:764 2018 BD-H3C5110-11 MSTP/6/MSTP_NOTIFIED_TC: Instance 0's port GigabitEthernet1/0/52 was notified of a topology change.
%Aug 29 08:49:56:750 2018 BD-H3C5110-11 MSTP/6/MSTP_NOTIFIED_TC: Instance 0's port GigabitEthernet1/0/52 was notified of a topology change.
%Aug 29 08:50:01:643 2018 BD-H3C5110-11 MSTP/6/MSTP_NOTIFIED_TC: Instance 0's port GigabitEthernet1/0/52 was notified of a topology change.
%Aug 29 08:50:02:715 2018 BD-H3C5110-11 MSTP/6/MSTP_NOTIFIED_TC: Instance 0's port GigabitEthernet1/0/52 was notified of a topology change.
%Aug 29 08:50:08:388 2018 BD-H3C5110-11 MSTP/6/MSTP_FORWARDING: Instance 0's port GigabitEthernet1/0/42 has been set to forwarding state.
%Aug 29 08:50:08:388 2018 BD-H3C5110-11 MSTP/6/MSTP_DETECTED_TC: Instance 0's port GigabitEthernet1/0/42 detected a topology change.
%Aug 29 08:50:18:408 2018 BD-H3C5110-11 MSTP/6/MSTP_NOTIFIED_TC: Instance 0's port GigabitEthernet1/0/52 was notified of a topology change.
%Aug 29 08:50:19:080 2018 BD-H3C5110-11 MSTP/6/MSTP_NOTIFIED_TC: Instance 0's port GigabitEthernet1/0/52 was notified of a topology change.
%Aug 29 08:50:52:456 2018 BD-H3C5110-11 MSTP/6/MSTP_NOTIFIED_TC: Instance 0's port GigabitEthernet1/0/52 was notified of a topology change.
%Aug 29 08:50:53:047 2018 BD-H3C5110-11 MSTP/6/MSTP_NOTIFIED_TC: Instance 0's port GigabitEthernet1/0/52 was notified of a topology change.
%Aug 29 08:51:00:426 2018 BD-H3C5110-11 MSTP/6/MSTP_NOTIFIED_TC: Instance 0's port GigabitEthernet1/0/52 was notified of a topology change.
%Aug 29 08:51:01:041 2018 BD-H3C5110-11 MSTP/6/MSTP_NOTIFIED_TC: Instance 0's port GigabitEthernet1/0/52 was notified of a topology change.
%Aug 29 08:51:12:305 2018 BD-H3C5110-11 MSTP/6/MSTP_NOTIFIED_TC: Instance 0's port GigabitEthernet1/0/52 was notified of a topology change.
%Aug 29 08:51:13:067 2018 BD-H3C5110-11 MSTP/6/MSTP_NOTIFIED_TC: Instance 0's port GigabitEthernet1/0/52 was notified of a topology change.
%Aug 29 08:51:22:397 2018 BD-H3C5110-11 MSTP/6/MSTP_NOTIFIED_TC: Instance 0's port GigabitEthernet1/0/52 was notified of a topology change.
%Aug 29 08:51:23:100 2018 BD-H3C5110-11 MSTP/6/MSTP_NOTIFIED_TC: Instance 0's port GigabitEthernet1/0/52 was notified of a topology change.
%Aug 29 08:51:41:507 2018 BD-H3C5110-11 MSTP/6/MSTP_NOTIFIED_TC: Instance 0's port GigabitEthernet1/0/52 was notified of a topology change.
%Aug 29 08:51:43:002 2018 BD-H3C5110-11 MSTP/6/MSTP_NOTIFIED_TC: Instance 0's port GigabitEthernet1/0/52 was notified of a topology change.
%Aug 29 08:52:10:501 2018 BD-H3C5110-11 MSTP/6/MSTP_NOTIFIED_TC: Instance 0's port GigabitEthernet1/0/52 was notified of a topology change.
%Aug 29 08:52:11:041 2018 BD-H3C5110-11 MSTP/6/MSTP_NOTIFIED_TC: Instance 0's port GigabitEthernet1/0/52 was notified of a topology change.
%Aug 29 08:52:30:431 2018 BD-H3C5110-11 MSTP/6/MSTP_NOTIFIED_TC: Instance 0's port GigabitEthernet1/0/52 was notified of a topology change.
%Aug 29 08:52:31:026 2018 BD-H3C5110-11 MSTP/6/MSTP_NOTIFIED_TC: Instance 0's port GigabitEthernet1/0/52 was notified of a topology change.
%Aug 29 08:53:14:009 2018 BD-H3C5110-11 MSTP/6/MSTP_NOTIFIED_TC: Instance 0's port GigabitEthernet1/0/52 was notified of a topology change.
%Aug 29 08:53:15:137 2018 BD-H3C5110-11 MSTP/6/MSTP_NOTIFIED_TC: Instance 0's port GigabitEthernet1/0/52 was notified of a topology change.
%Aug 29 08:53:21:531 2018 BD-H3C5110-11 MSTP/6/MSTP_NOTIFIED_TC: Instance 0's port GigabitEthernet1/0/52 was notified of a topology change.
%Aug 29 08:53:23:159 2018 BD-H3C5110-11 MSTP/6/MSTP_NOTIFIED_TC: Instance 0's port GigabitEthernet1/0/52 was notified of a topology change.
%Aug 29 08:53:49:843 2018 BD-H3C5110-11 MSTP/6/MSTP_NOTIFIED_TC: Instance 0's port GigabitEthernet1/0/52 was notified of a topology change.
%Aug 29 08:53:51:455 2018 BD-H3C5110-11 MSTP/6/MSTP_NOTIFIED_TC: Instance 0's port GigabitEthernet1/0/52 was notified of a topology change.
%Aug 29 08:55:05:913 2018 BD-H3C5110-11 MSTP/6/MSTP_NOTIFIED_TC: Instance 0's port GigabitEthernet1/0/52 was notified of a topology change.
%Aug 29 08:55:07:575 2018 BD-H3C5110-11 MSTP/6/MSTP_NOTIFIED_TC: Instance 0's port GigabitEthernet1/0/52 was notified of a topology change.
%Aug 29 08:57:27:490 2018 BD-H3C5110-11 IFNET/3/LINK_UPDOWN: GigabitEthernet1/0/20 link status is UP.
%Aug 29 08:57:56:757 2018 BD-H3C5110-11 MSTP/6/MSTP_FORWARDING: Instance 0's port GigabitEthernet1/0/20 has been set to forwarding state.
%Aug 29 08:57:56:757 2018 BD-H3C5110-11 MSTP/6/MSTP_DETECTED_TC: Instance 0's port GigabitEthernet1/0/20 detected a topology change.
%Aug 29 08:58:13:897 2018 BD-H3C5110-11 IFNET/3/LINK_UPDOWN: GigabitEthernet1/0/20 link status is DOWN.
%Aug 29 08:58:16:526 2018 BD-H3C5110-11 IFNET/3/LINK_UPDOWN: GigabitEthernet1/0/20 link status is UP.
%Aug 29 08:58:45:770 2018 BD-H3C5110-11 MSTP/6/MSTP_FORWARDING: Instance 0's port GigabitEthernet1/0/20 has been set to forwarding state.
%Aug 29 08:58:45:770 2018 BD-H3C5110-11 MSTP/6/MSTP_DETECTED_TC: Instance 0's port GigabitEthernet1/0/20 detected a topology change.
%Aug 29 09:00:58:812 2018 BD-H3C5110-11 MSTP/6/MSTP_NOTIFIED_TC: Instance 0's port GigabitEthernet1/0/52 was notified of a topology change.
%Aug 29 09:00:59:843 2018 BD-H3C5110-11 MSTP/6/MSTP_NOTIFIED_TC: Instance 0's port GigabitEthernet1/0/52 was notified of a topology change.
%Aug 29 09:05:56:654 2018 BD-H3C5110-11 MSTP/6/MSTP_NOTIFIED_TC: Instance 0's port GigabitEthernet1/0/52 was notified of a topology change.
%Aug 29 09:05:57:960 2018 BD-H3C5110-11 MSTP/6/MSTP_NOTIFIED_TC: Instance 0's port GigabitEthernet1/0/52 was notified of a topology change.
%Aug 29 09:06:14:564 2018 BD-H3C5110-11 MSTP/6/MSTP_NOTIFIED_TC: Instance 0's port GigabitEthernet1/0/52 was notified of a topology change.
%Aug 29 09:06:16:010 2018 BD-H3C5110-11 MSTP/6/MSTP_NOTIFIED_TC: Instance 0's port GigabitEthernet1/0/52 was notified of a topology change.
%Aug 29 09:10:20:087 2018 BD-H3C5110-11 MSTP/6/MSTP_NOTIFIED_TC: Instance 0's port GigabitEthernet1/0/52 was notified of a topology change.
%Aug 29 09:10:21:950 2018 BD-H3C5110-11 MSTP/6/MSTP_NOTIFIED_TC: Instance 0's port GigabitEthernet1/0/52 was notified of a topology change.
%Aug 29 09:10:48:255 2018 BD-H3C5110-11 MSTP/6/MSTP_NOTIFIED_TC: Instance 0's port GigabitEthernet1/0/52 was notified of a topology change.
%Aug 29 09:10:49:999 2018 BD-H3C5110-11 MSTP/6/MSTP_NOTIFIED_TC: Instance 0's port GigabitEthernet1/0/52 was notified of a topology change.
%Aug 29 09:18:24:010 2018 BD-H3C5110-11 MSTP/6/MSTP_NOTIFIED_TC: Instance 0's port GigabitEthernet1/0/52 was notified of a topology change.
%Aug 29 09:18:24:472 2018 BD-H3C5110-11 MSTP/6/MSTP_NOTIFIED_TC: Instance 0's port GigabitEthernet1/0/52 was notified of a topology change.
%Aug 29 09:21:08:764 2018 BD-H3C5110-11 MSTP/6/MSTP_NOTIFIED_TC: Instance 0's port GigabitEthernet1/0/52 was notified of a topology change.
%Aug 29 09:21:10:352 2018 BD-H3C5110-11 MSTP/6/MSTP_NOTIFIED_TC: Instance 0's port GigabitEthernet1/0/52 was notified of a topology change.
%Aug 29 09:21:57:486 2018 BD-H3C5110-11 MSTP/6/MSTP_NOTIFIED_TC: Instance 0's port GigabitEthernet1/0/52 was notified of a topology change.
%Aug 29 09:21:58:344 2018 BD-H3C5110-11 MSTP/6/MSTP_NOTIFIED_TC: Instance 0's port GigabitEthernet1/0/52 was notified of a topology change.
%Aug 29 09:23:36:074 2018 BD-H3C5110-11 MSTP/6/MSTP_NOTIFIED_TC: Instance 0's port GigabitEthernet1/0/52 was notified of a topology change.
%Aug 29 09:23:36:539 2018 BD-H3C5110-11 MSTP/6/MSTP_NOTIFIED_TC: Instance 0's port GigabitEthernet1/0/52 was notified of a topology change.
%Aug 29 09:24:14:161 2018 BD-H3C5110-11 MSTP/6/MSTP_NOTIFIED_TC: Instance 0's port GigabitEthernet1/0/52 was notified of a topology change.
%Aug 29 09:24:14:835 2018 BD-H3C5110-11 MSTP/6/MSTP_NOTIFIED_TC: Instance 0's port GigabitEthernet1/0/52 was notified of a topology change.
%Aug 29 09:25:07:011 2018 BD-H3C5110-11 MSTP/6/MSTP_NOTIFIED_TC: Instance 0's port GigabitEthernet1/0/52 was notified of a topology change.
%Aug 29 09:25:08:587 2018 BD-H3C5110-11 MSTP/6/MSTP_NOTIFIED_TC: Instance 0's port GigabitEthernet1/0/52 was notified of a topology change.
%Aug 29 09:26:02:199 2018 BD-H3C5110-11 MSTP/6/MSTP_NOTIFIED_TC: Instance 0's port GigabitEthernet1/0/52 was notified of a topology change.
%Aug 29 09:26:02:851 2018 BD-H3C5110-11 MSTP/6/MSTP_NOTIFIED_TC: Instance 0's port GigabitEthernet1/0/52 was notified of a topology change.
%Aug 29 09:28:09:640 2018 BD-H3C5110-11 MSTP/6/MSTP_NOTIFIED_TC: Instance 0's port GigabitEthernet1/0/52 was notified of a topology change.
%Aug 29 09:28:10:805 2018 BD-H3C5110-11 MSTP/6/MSTP_NOTIFIED_TC: Instance 0's port GigabitEthernet1/0/52 was notified of a topology change.
%Aug 29 09:46:13:735 2018 BD-H3C5110-11 MSTP/6/MSTP_NOTIFIED_TC: Instance 0's port GigabitEthernet1/0/52 was notified of a topology change.
%Aug 29 09:46:14:985 2018 BD-H3C5110-11 MSTP/6/MSTP_NOTIFIED_TC: Instance 0's port GigabitEthernet1/0/52 was notified of a topology change.
%Aug 29 09:48:03:795 2018 BD-H3C5110-11 MSTP/6/MSTP_NOTIFIED_TC: Instance 0's port GigabitEthernet1/0/52 was notified of a topology change.
%Aug 29 09:48:05:095 2018 BD-H3C5110-11 MSTP/6/MSTP_NOTIFIED_TC: Instance 0's port GigabitEthernet1/0/52 was notified of a topology change.
%Aug 29 09:49:11:701 2018 BD-H3C5110-11 MSTP/6/MSTP_NOTIFIED_TC: Instance 0's port GigabitEthernet1/0/52 was notified of a topology change.
%Aug 29 09:49:13:107 2018 BD-H3C5110-11 MSTP/6/MSTP_NOTIFIED_TC: Instance 0's port GigabitEthernet1/0/52 was notified of a topology change.
%Aug 29 09:50:16:663 2018 BD-H3C5110-11 MSTP/6/MSTP_NOTIFIED_TC: Instance 0's port GigabitEthernet1/0/52 was notified of a topology change.
%Aug 29 09:50:17:443 2018 BD-H3C5110-11 MSTP/6/MSTP_NOTIFIED_TC: Instance 0's port GigabitEthernet1/0/52 was notified of a topology change.
%Aug 29 09:54:09:520 2018 BD-H3C5110-11 MSTP/6/MSTP_NOTIFIED_TC: Instance 0's port GigabitEthernet1/0/52 was notified of a topology change.
%Aug 29 09:54:11:257 2018 BD-H3C5110-11 MSTP/6/MSTP_NOTIFIED_TC: Instance 0's port GigabitEthernet1/0/52 was notified of a topology change.
%Aug 29 09:54:50:240 2018 BD-H3C5110-11 MSTP/6/MSTP_NOTIFIED_TC: Instance 0's port GigabitEthernet1/0/52 was notified of a topology change.
%Aug 29 09:54:51:558 2018 BD-H3C5110-11 MSTP/6/MSTP_NOTIFIED_TC: Instance 0's port GigabitEthernet1/0/52 was notified of a topology change.
%Aug 29 09:58:49:961 2018 BD-H3C5110-11 MSTP/6/MSTP_NOTIFIED_TC: Instance 0's port GigabitEthernet1/0/52 was notified of a topology change.
%Aug 29 09:58:51:652 2018 BD-H3C5110-11 MSTP/6/MSTP_NOTIFIED_TC: Instance 0's port GigabitEthernet1/0/52 was notified of a topology change.
%Aug 29 09:59:34:984 2018 BD-H3C5110-11 MSTP/6/MSTP_NOTIFIED_TC: Instance 0's port GigabitEthernet1/0/52 was notified of a topology change.
%Aug 29 09:59:35:559 2018 BD-H3C5110-11 MSTP/6/MSTP_NOTIFIED_TC: Instance 0's port GigabitEthernet1/0/52 was notified of a topology change.
%Aug 29 10:01:01:906 2018 BD-H3C5110-11 MSTP/6/MSTP_NOTIFIED_TC: Instance 0's port GigabitEthernet1/0/52 was notified of a topology change.
%Aug 29 10:01:03:605 2018 BD-H3C5110-11 MSTP/6/MSTP_NOTIFIED_TC: Instance 0's port GigabitEthernet1/0/52 was notified of a topology change.
%Aug 29 10:01:51:673 2018 BD-H3C5110-11 MSTP/6/MSTP_NOTIFIED_TC: Instance 0's port GigabitEthernet1/0/52 was notified of a topology change.
%Aug 29 10:01:52:046 2018 BD-H3C5110-11 MSTP/6/MSTP_NOTIFIED_TC: Instance 0's port GigabitEthernet1/0/52 was notified of a topology change.
%Aug 29 10:05:55:542 2018 BD-H3C5110-11 MSTP/6/MSTP_NOTIFIED_TC: Instance 0's port GigabitEthernet1/0/52 was notified of a topology change.
%Aug 29 10:05:56:221 2018 BD-H3C5110-11 MSTP/6/MSTP_NOTIFIED_TC: Instance 0's port GigabitEthernet1/0/52 was notified of a topology change.
%Aug 29 10:09:42:446 2018 BD-H3C5110-11 MSTP/6/MSTP_NOTIFIED_TC: Instance 0's port GigabitEthernet1/0/52 was notified of a topology change.
%Aug 29 10:09:43:835 2018 BD-H3C5110-11 MSTP/6/MSTP_NOTIFIED_TC: Instance 0's port GigabitEthernet1/0/52 was notified of a topology change.
%Aug 29 10:12:23:586 2018 BD-H3C5110-11 MSTP/6/MSTP_NOTIFIED_TC: Instance 0's port GigabitEthernet1/0/52 was notified of a topology change.
%Aug 29 10:12:24:146 2018 BD-H3C5110-11 MSTP/6/MSTP_NOTIFIED_TC: Instance 0's port GigabitEthernet1/0/52 was notified of a topology change.
%Aug 29 10:12:32:013 2018 BD-H3C5110-11 MSTP/6/MSTP_NOTIFIED_TC: Instance 0's port GigabitEthernet1/0/52 was notified of a topology change.
%Aug 29 10:12:33:887 2018 BD-H3C5110-11 MSTP/6/MSTP_NOTIFIED_TC: Instance 0's port GigabitEthernet1/0/52 was notified of a topology change.
%Aug 29 10:13:55:546 2018 BD-H3C5110-11 MSTP/6/MSTP_NOTIFIED_TC: Instance 0's port GigabitEthernet1/0/52 was notified of a topology change.
%Aug 29 10:13:56:190 2018 BD-H3C5110-11 MSTP/6/MSTP_NOTIFIED_TC: Instance 0's port GigabitEthernet1/0/52 was notified of a topology change.
%Aug 29 10:14:29:157 2018 BD-H3C5110-11 MSTP/6/MSTP_NOTIFIED_TC: Instance 0's port GigabitEthernet1/0/52 was notified of a topology change.
%Aug 29 10:14:30:159 2018 BD-H3C5110-11 MSTP/6/MSTP_NOTIFIED_TC: Instance 0's port GigabitEthernet1/0/52 was notified of a topology change.
%Aug 29 10:24:41:952 2018 BD-H3C5110-11 SHELL/5/SHELL_LOGINFAIL:  TELNET user failed to log in from 192.148.80.34 on VTY0.
%Aug 29 10:24:55:427 2018 BD-H3C5110-11 SC/6/SC_AAA_LAUNCH: -AAAType=AUTHEN-AAAScheme= local-Service=login-UserName=admin@system; AAA launched.
%Aug 29 10:24:55:427 2018 BD-H3C5110-11 LS/5/LS_AUTHEN_FAILURE: -AccessType=login-UserName=admin; Authentication is failed. Password verified failed.
%Aug 29 10:24:55:428 2018 BD-H3C5110-11 SHELL/5/SHELL_LOGINFAIL:  TELNET user admin failed to log in from 192.148.80.34 on VTY0.
%Aug 29 10:25:17:627 2018 BD-H3C5110-11 SC/6/SC_AAA_LAUNCH: -AAAType=AUTHEN-AAAScheme= local-Service=login-UserName=admin@system; AAA launched.
%Aug 29 10:25:17:627 2018 BD-H3C5110-11 SC/6/SC_AAA_SUCCESS: -AAAType=AUTHEN-AAAScheme= local-Service=login-UserName=admin@system; AAA is successful.
%Aug 29 10:25:17:628 2018 BD-H3C5110-11 SC/6/SC_AAA_LAUNCH: -AAAType=AUTHOR-AAAScheme= local-Service=login-UserName=admin@system; AAA launched.
%Aug 29 10:25:17:628 2018 BD-H3C5110-11 SC/6/SC_AAA_SUCCESS: -AAAType=AUTHOR-AAAScheme= local-Service=login-UserName=admin@system; AAA is successful.
%Aug 29 10:25:17:628 2018 BD-H3C5110-11 SC/6/SC_AAA_LAUNCH: -AAAType=ACCOUNT-AAAScheme= local-Service=login-UserName=admin@system; AAA launched.
%Aug 29 10:25:17:629 2018 BD-H3C5110-11 SC/6/SC_AAA_SUCCESS: -AAAType=ACCOUNT-AAAScheme= local-Service=login-UserName=admin@system; AAA is successful.
%Aug 29 10:25:17:630 2018 BD-H3C5110-11 SHELL/5/SHELL_LOGIN: admin logged in from 192.148.80.34.
%Aug 29 10:28:44:402 2018 BD-H3C5110-11 SHELL/6/SHELL_CMD: -Task=vt0-IPAddr=192.148.80.34-User=admin; Command is dis ver
%Aug 29 10:28:47:160 2018 BD-H3C5110-11 SHELL/6/SHELL_CMD: -Task=vt0-IPAddr=192.148.80.34-User=admin; Command is dis diag
%Aug 29 10:29:12:154 2018 BD-H3C5110-11 SHELL/6/SHELL_CMD: -Task=vt0-IPAddr=192.148.80.34-User=admin; Command is dis devic
%Aug 29 10:29:15:714 2018 BD-H3C5110-11 SHELL/6/SHELL_CMD: -Task=vt0-IPAddr=192.148.80.34-User=admin; Command is dis dev man
%Aug 29 10:29:25:740 2018 BD-H3C5110-11 SHELL/6/SHELL_CMD: -Task=vt0-IPAddr=192.148.80.34-User=admin; Command is dis env
%Aug 29 10:29:32:619 2018 BD-H3C5110-11 SHELL/6/SHELL_CMD: -Task=vt0-IPAddr=192.148.80.34-User=admin; Command is dis mem
%Aug 29 10:29:37:260 2018 BD-H3C5110-11 SHELL/6/SHELL_CMD: -Task=vt0-IPAddr=192.148.80.34-User=admin; Command is dis dev ver
%Aug 29 10:29:40:143 2018 BD-H3C5110-11 SHELL/6/SHELL_CMD: -Task=vt0-IPAddr=192.148.80.34-User=admin; Command is dis ver